Results of doctest builder run on 2012-05-24 15:53:21
=====================================================

Document: index
---------------
**********************************************************************
File "index.rst", line ?, in default
Failed example:
    one.original().minmax().pipe(two).merge().back().max().get()
Exception raised:
    Traceback (most recent call last):
      File "/usr/local/Cellar/python/2.7.3/lib/python2.7/doctest.py", line 1289, in __run
        compileflags, 1) in test.globs
      File "<doctest default[4]>", line 1, in <module>
        one.original().minmax().pipe(two).merge().back().max().get()
      File "/Users/lrees/Documents/libraries/knife/knife/base.py", line 370, in original
        return self._revert()
      File "/Users/lrees/Documents/libraries/knife/knife/_active.py", line 181, in _revert
        self._in.extend(loads_(self._original))
      File "/Users/lrees/Documents/libraries/stuf/stuf/utils.py", line 29, in <lambda>
        loads = memoize(lambda x: ld(x, encoding='latin-1'))
    TypeError: loads() takes no keyword arguments
**********************************************************************
File "index.rst", line ?, in default
Failed example:
    one.original().minmax().pipe(two).merge().back().sum().get()
Exception raised:
    Traceback (most recent call last):
      File "/usr/local/Cellar/python/2.7.3/lib/python2.7/doctest.py", line 1289, in __run
        compileflags, 1) in test.globs
      File "<doctest default[5]>", line 1, in <module>
        one.original().minmax().pipe(two).merge().back().sum().get()
      File "/Users/lrees/Documents/libraries/knife/knife/base.py", line 370, in original
        return self._revert()
      File "/Users/lrees/Documents/libraries/knife/knife/_active.py", line 181, in _revert
        self._in.extend(loads_(self._original))
      File "/Users/lrees/Documents/libraries/stuf/stuf/utils.py", line 29, in <lambda>
        loads = memoize(lambda x: ld(x, encoding='latin-1'))
    TypeError: loads() takes no keyword arguments
**********************************************************************
1 items had failures:
   2 of  28 in default
28 tests in 1 items.
26 passed and 2 failed.
***Test Failed*** 2 failures.

Document: areduceknife
----------------------
1 items passed all tests:
  39 tests in default
39 tests in 1 items.
39 passed and 0 failed.
Test passed.

Document: asliceknife
---------------------
1 items passed all tests:
  42 tests in default
42 tests in 1 items.
42 passed and 0 failed.
Test passed.

Document: lorderknife
---------------------
1 items passed all tests:
  37 tests in default
37 tests in 1 items.
37 passed and 0 failed.
Test passed.

Document: lreduceknife
----------------------
1 items passed all tests:
  39 tests in default
39 tests in 1 items.
39 passed and 0 failed.
Test passed.

Document: lsliceknife
---------------------
1 items passed all tests:
  42 tests in default
42 tests in 1 items.
42 passed and 0 failed.
Test passed.

Document: amapknife
-------------------
1 items passed all tests:
  43 tests in default
43 tests in 1 items.
43 passed and 0 failed.
Test passed.

Document: afilterknife
----------------------
1 items passed all tests:
  54 tests in default
54 tests in 1 items.
54 passed and 0 failed.
Test passed.

Document: arepeatknife
----------------------
1 items passed all tests:
  36 tests in default
36 tests in 1 items.
36 passed and 0 failed.
Test passed.

Document: lazyknife
-------------------
1 items passed all tests:
 137 tests in default
137 tests in 1 items.
137 passed and 0 failed.
Test passed.

Document: lmathknife
--------------------
1 items passed all tests:
  50 tests in default
50 tests in 1 items.
50 passed and 0 failed.
Test passed.

Document: amathknife
--------------------
1 items passed all tests:
  50 tests in default
50 tests in 1 items.
50 passed and 0 failed.
Test passed.

Document: aorderknife
---------------------
1 items passed all tests:
  37 tests in default
37 tests in 1 items.
37 passed and 0 failed.
Test passed.

Document: acmpknife
-------------------
1 items passed all tests:
  39 tests in default
39 tests in 1 items.
39 passed and 0 failed.
Test passed.

Document: lmapknife
-------------------
1 items passed all tests:
  43 tests in default
43 tests in 1 items.
43 passed and 0 failed.
Test passed.

Document: lrepeatknife
----------------------
1 items passed all tests:
  36 tests in default
36 tests in 1 items.
36 passed and 0 failed.
Test passed.

Document: activeknife
---------------------
1 items passed all tests:
 137 tests in default
137 tests in 1 items.
137 passed and 0 failed.
Test passed.

Document: lcmpknife
-------------------
1 items passed all tests:
  39 tests in default
39 tests in 1 items.
39 passed and 0 failed.
Test passed.

Document: lfilterknife
----------------------
1 items passed all tests:
  54 tests in default
54 tests in 1 items.
54 passed and 0 failed.
Test passed.

Doctest summary
===============
  982 tests
    2 failures in tests
    0 failures in setup code
    0 failures in cleanup code
